# JRE version: OpenJDK Runtime Environment Temurin-21.0.8+9 (21.0.8+9) (build 21.0.8+9-LTS)
# Java VM: OpenJDK 64-Bit Server VM Temurin-21.0.8+9 (21.0.8+9-LTS, mixed mode, sharing, tiered, compressed oops, compressed class ptrs, parallel gc, windows-amd64)
GC Precious Log:
 CardTable entry size: 512
 CPUs: 8 total, 8 available
 Memory: 7973M
 Large Page Support: Disabled
 NUMA Support: Disabled
 Compressed Oops: Enabled (32-bit)
 Alignments: Space 512K, Generation 512K, Heap 2M
 Heap Min Capacity: 100M
 Heap Initial Capacity: 100M
 Heap Max Capacity: 2G
 Pre-touch: Disabled
 Parallel Workers: 8
Heap:
 PSYoungGen      total 8192K, used 4557K [0x00000000d5580000, 0x00000000d5e80000, 0x0000000100000000)
  eden space 7680K, 53% used [0x00000000d5580000,0x00000000d5983640,0x00000000d5d00000)
  from space 512K, 87% used [0x00000000d5e00000,0x00000000d5e70000,0x00000000d5e80000)
  to   space 512K, 0% used [0x00000000d5d80000,0x00000000d5d80000,0x00000000d5e00000)
 ParOldGen       total 483840K, used 481057K [0x0000000080000000, 0x000000009d880000, 0x00000000d5580000)
  object space 483840K, 99% used [0x0000000080000000,0x000000009d5c8608,0x000000009d880000)
 Metaspace       used 83583K, committed 85376K, reserved 1179648K
  class space    used 8374K, committed 9216K, reserved 1048576K
GC Heap History (20 events):
Event: 2402.155 GC heap before
{Heap before GC invocations=1527 (full 5):
 PSYoungGen      total 8192K, used 7904K [0x00000000d5580000, 0x00000000d5e80000, 0x0000000100000000)
  eden space 7680K, 100% used [0x00000000d5580000,0x00000000d5d00000,0x00000000d5d00000)
  from space 512K, 43% used [0x00000000d5e00000,0x00000000d5e38000,0x00000000d5e80000)
  to   space 512K, 0% used [0x00000000d5d80000,0x00000000d5d80000,0x00000000d5e00000)
 ParOldGen       total 483840K, used 480711K [0x0000000080000000, 0x000000009d880000, 0x00000000d5580000)
  object space 483840K, 99% used [0x0000000080000000,0x000000009d571cb8,0x000000009d880000)
 Metaspace       used 83563K, committed 85376K, reserved 1179648K
  class space    used 8374K, committed 9216K, reserved 1048576K
}
Event: 2402.157 GC heap after
{Heap after GC invocations=1527 (full 5):
 PSYoungGen      total 8192K, used 512K [0x00000000d5580000, 0x00000000d5f00000, 0x0000000100000000)
  eden space 7680K, 0% used [0x00000000d5580000,0x00000000d5580000,0x00000000d5d00000)
  from space 512K, 100% used [0x00000000d5d80000,0x00000000d5e00000,0x00000000d5e00000)
  to   space 1024K, 0% used [0x00000000d5e00000,0x00000000d5e00000,0x00000000d5f00000)
 ParOldGen       total 483840K, used 480785K [0x0000000080000000, 0x000000009d880000, 0x00000000d5580000)
  object space 483840K, 99% used [0x0000000080000000,0x000000009d584608,0x000000009d880000)
 Metaspace       used 83563K, committed 85376K, reserved 1179648K
  class space    used 8374K, committed 9216K, reserved 1048576K
}
Event: 2402.184 GC heap before
{Heap before GC invocations=1528 (full 5):
 PSYoungGen      total 8192K, used 8192K [0x00000000d5580000, 0x00000000d5f00000, 0x0000000100000000)
  eden space 7680K, 100% used [0x00000000d5580000,0x00000000d5d00000,0x00000000d5d00000)
  from space 512K, 100% used [0x00000000d5d80000,0x00000000d5e00000,0x00000000d5e00000)
  to   space 1024K, 0% used [0x00000000d5e00000,0x00000000d5e00000,0x00000000d5f00000)
 ParOldGen       total 483840K, used 480785K [0x0000000080000000, 0x000000009d880000, 0x00000000d5580000)
  object space 483840K, 99% used [0x0000000080000000,0x000000009d584608,0x000000009d880000)
 Metaspace       used 83564K, committed 85376K, reserved 1179648K
  class space    used 8374K, committed 9216K, reserved 1048576K
}
Event: 2402.186 GC heap after
{Heap after GC invocations=1528 (full 5):
 PSYoungGen      total 8192K, used 224K [0x00000000d5580000, 0x00000000d5e80000, 0x0000000100000000)
  eden space 7680K, 0% used [0x00000000d5580000,0x00000000d5580000,0x00000000d5d00000)
  from space 512K, 43% used [0x00000000d5e00000,0x00000000d5e38000,0x00000000d5e80000)
  to   space 512K, 0% used [0x00000000d5d80000,0x00000000d5d80000,0x00000000d5e00000)
 ParOldGen       total 483840K, used 480825K [0x0000000080000000, 0x000000009d880000, 0x00000000d5580000)
  object space 483840K, 99% used [0x0000000080000000,0x000000009d58e608,0x000000009d880000)
 Metaspace       used 83564K, committed 85376K, reserved 1179648K
  class space    used 8374K, committed 9216K, reserved 1048576K
}
Event: 2402.205 GC heap before
{Heap before GC invocations=1529 (full 5):
 PSYoungGen      total 8192K, used 6599K [0x00000000d5580000, 0x00000000d5e80000, 0x0000000100000000)
  eden space 7680K, 83% used [0x00000000d5580000,0x00000000d5bb9cb0,0x00000000d5d00000)
  from space 512K, 43% used [0x00000000d5e00000,0x00000000d5e38000,0x00000000d5e80000)
  to   space 512K, 0% used [0x00000000d5d80000,0x00000000d5d80000,0x00000000d5e00000)
 ParOldGen       total 483840K, used 480825K [0x0000000080000000, 0x000000009d880000, 0x00000000d5580000)
  object space 483840K, 99% used [0x0000000080000000,0x000000009d58e608,0x000000009d880000)
 Metaspace       used 83564K, committed 85376K, reserved 1179648K
  class space    used 8374K, committed 9216K, reserved 1048576K
}
Event: 2402.207 GC heap after
{Heap after GC invocations=1529 (full 5):
 PSYoungGen      total 8192K, used 192K [0x00000000d5580000, 0x00000000d5e80000, 0x0000000100000000)
  eden space 7680K, 0% used [0x00000000d5580000,0x00000000d5580000,0x00000000d5d00000)
  from space 512K, 37% used [0x00000000d5d80000,0x00000000d5db0000,0x00000000d5e00000)
  to   space 512K, 0% used [0x00000000d5e00000,0x00000000d5e00000,0x00000000d5e80000)
 ParOldGen       total 483840K, used 480873K [0x0000000080000000, 0x000000009d880000, 0x00000000d5580000)
  object space 483840K, 99% used [0x0000000080000000,0x000000009d59a608,0x000000009d880000)
 Metaspace       used 83564K, committed 85376K, reserved 1179648K
  class space    used 8374K, committed 9216K, reserved 1048576K
}
Event: 2402.229 GC heap before
{Heap before GC invocations=1530 (full 5):
 PSYoungGen      total 8192K, used 7872K [0x00000000d5580000, 0x00000000d5e80000, 0x0000000100000000)
  eden space 7680K, 100% used [0x00000000d5580000,0x00000000d5d00000,0x00000000d5d00000)
  from space 512K, 37% used [0x00000000d5d80000,0x00000000d5db0000,0x00000000d5e00000)
  to   space 512K, 0% used [0x00000000d5e00000,0x00000000d5e00000,0x00000000d5e80000)
 ParOldGen       total 483840K, used 480873K [0x0000000080000000, 0x000000009d880000, 0x00000000d5580000)
  object space 483840K, 99% used [0x0000000080000000,0x000000009d59a608,0x000000009d880000)
 Metaspace       used 83564K, committed 85376K, reserved 1179648K
  class space    used 8374K, committed 9216K, reserved 1048576K
}
Event: 2402.230 GC heap after
{Heap after GC invocations=1530 (full 5):
 PSYoungGen      total 8192K, used 160K [0x00000000d5580000, 0x00000000d5e80000, 0x0000000100000000)
  eden space 7680K, 0% used [0x00000000d5580000,0x00000000d5580000,0x00000000d5d00000)
  from space 512K, 31% used [0x00000000d5e00000,0x00000000d5e28000,0x00000000d5e80000)
  to   space 512K, 0% used [0x00000000d5d80000,0x00000000d5d80000,0x00000000d5e00000)
 ParOldGen       total 483840K, used 480897K [0x0000000080000000, 0x000000009d880000, 0x00000000d5580000)
  object space 483840K, 99% used [0x0000000080000000,0x000000009d5a0608,0x000000009d880000)
 Metaspace       used 83564K, committed 85376K, reserved 1179648K
  class space    used 8374K, committed 9216K, reserved 1048576K
}
Event: 2402.248 GC heap before
{Heap before GC invocations=1531 (full 5):
 PSYoungGen      total 8192K, used 7840K [0x00000000d5580000, 0x00000000d5e80000, 0x0000000100000000)
  eden space 7680K, 100% used [0x00000000d5580000,0x00000000d5d00000,0x00000000d5d00000)
  from space 512K, 31% used [0x00000000d5e00000,0x00000000d5e28000,0x00000000d5e80000)
  to   space 512K, 0% used [0x00000000d5d80000,0x00000000d5d80000,0x00000000d5e00000)
 ParOldGen       total 483840K, used 480897K [0x0000000080000000, 0x000000009d880000, 0x00000000d5580000)
  object space 483840K, 99% used [0x0000000080000000,0x000000009d5a0608,0x000000009d880000)
 Metaspace       used 83564K, committed 85376K, reserved 1179648K
  class space    used 8374K, committed 9216K, reserved 1048576K
}
Event: 2402.251 GC heap after
{Heap after GC invocations=1531 (full 5):
 PSYoungGen      total 8192K, used 448K [0x00000000d5580000, 0x00000000d5e80000, 0x0000000100000000)
  eden space 7680K, 0% used [0x00000000d5580000,0x00000000d5580000,0x00000000d5d00000)
  from space 512K, 87% used [0x00000000d5d80000,0x00000000d5df0000,0x00000000d5e00000)
  to   space 512K, 0% used [0x00000000d5e00000,0x00000000d5e00000,0x00000000d5e80000)
 ParOldGen       total 483840K, used 480929K [0x0000000080000000, 0x000000009d880000, 0x00000000d5580000)
  object space 483840K, 99% used [0x0000000080000000,0x000000009d5a8608,0x000000009d880000)
 Metaspace       used 83564K, committed 85376K, reserved 1179648K
  class space    used 8374K, committed 9216K, reserved 1048576K
}
Event: 2402.274 GC heap before
{Heap before GC invocations=1532 (full 5):
 PSYoungGen      total 8192K, used 8128K [0x00000000d5580000, 0x00000000d5e80000, 0x0000000100000000)
  eden space 7680K, 100% used [0x00000000d5580000,0x00000000d5d00000,0x00000000d5d00000)
  from space 512K, 87% used [0x00000000d5d80000,0x00000000d5df0000,0x00000000d5e00000)
  to   space 512K, 0% used [0x00000000d5e00000,0x00000000d5e00000,0x00000000d5e80000)
 ParOldGen       total 483840K, used 480929K [0x0000000080000000, 0x000000009d880000, 0x00000000d5580000)
  object space 483840K, 99% used [0x0000000080000000,0x000000009d5a8608,0x000000009d880000)
 Metaspace       used 83564K, committed 85376K, reserved 1179648K
  class space    used 8374K, committed 9216K, reserved 1048576K
}
Event: 2402.276 GC heap after
{Heap after GC invocations=1532 (full 5):
 PSYoungGen      total 8192K, used 480K [0x00000000d5580000, 0x00000000d5e80000, 0x0000000100000000)
  eden space 7680K, 0% used [0x00000000d5580000,0x00000000d5580000,0x00000000d5d00000)
  from space 512K, 93% used [0x00000000d5e00000,0x00000000d5e78000,0x00000000d5e80000)
  to   space 512K, 0% used [0x00000000d5d80000,0x00000000d5d80000,0x00000000d5e00000)
 ParOldGen       total 483840K, used 480961K [0x0000000080000000, 0x000000009d880000, 0x00000000d5580000)
  object space 483840K, 99% used [0x0000000080000000,0x000000009d5b0608,0x000000009d880000)
 Metaspace       used 83564K, committed 85376K, reserved 1179648K
  class space    used 8374K, committed 9216K, reserved 1048576K
}
Event: 2402.298 GC heap before
{Heap before GC invocations=1533 (full 5):
 PSYoungGen      total 8192K, used 8160K [0x00000000d5580000, 0x00000000d5e80000, 0x0000000100000000)
  eden space 7680K, 100% used [0x00000000d5580000,0x00000000d5d00000,0x00000000d5d00000)
  from space 512K, 93% used [0x00000000d5e00000,0x00000000d5e78000,0x00000000d5e80000)
  to   space 512K, 0% used [0x00000000d5d80000,0x00000000d5d80000,0x00000000d5e00000)
 ParOldGen       total 483840K, used 480961K [0x0000000080000000, 0x000000009d880000, 0x00000000d5580000)
  object space 483840K, 99% used [0x0000000080000000,0x000000009d5b0608,0x000000009d880000)
 Metaspace       used 83564K, committed 85376K, reserved 1179648K
  class space    used 8374K, committed 9216K, reserved 1048576K
}
Event: 2402.300 GC heap after
{Heap after GC invocations=1533 (full 5):
 PSYoungGen      total 8192K, used 416K [0x00000000d5580000, 0x00000000d5e80000, 0x0000000100000000)
  eden space 7680K, 0% used [0x00000000d5580000,0x00000000d5580000,0x00000000d5d00000)
  from space 512K, 81% used [0x00000000d5d80000,0x00000000d5de8000,0x00000000d5e00000)
  to   space 512K, 0% used [0x00000000d5e00000,0x00000000d5e00000,0x00000000d5e80000)
 ParOldGen       total 483840K, used 480969K [0x0000000080000000, 0x000000009d880000, 0x00000000d5580000)
  object space 483840K, 99% used [0x0000000080000000,0x000000009d5b2608,0x000000009d880000)
 Metaspace       used 83564K, committed 85376K, reserved 1179648K
  class space    used 8374K, committed 9216K, reserved 1048576K
}
Event: 2402.327 GC heap before
{Heap before GC invocations=1534 (full 5):
 PSYoungGen      total 8192K, used 8096K [0x00000000d5580000, 0x00000000d5e80000, 0x0000000100000000)
  eden space 7680K, 100% used [0x00000000d5580000,0x00000000d5d00000,0x00000000d5d00000)
  from space 512K, 81% used [0x00000000d5d80000,0x00000000d5de8000,0x00000000d5e00000)
  to   space 512K, 0% used [0x00000000d5e00000,0x00000000d5e00000,0x00000000d5e80000)
 ParOldGen       total 483840K, used 480969K [0x0000000080000000, 0x000000009d880000, 0x00000000d5580000)
  object space 483840K, 99% used [0x0000000080000000,0x000000009d5b2608,0x000000009d880000)
 Metaspace       used 83564K, committed 85376K, reserved 1179648K
  class space    used 8374K, committed 9216K, reserved 1048576K
}
Event: 2402.329 GC heap after
{Heap after GC invocations=1534 (full 5):
 PSYoungGen      total 8192K, used 416K [0x00000000d5580000, 0x00000000d5e80000, 0x0000000100000000)
  eden space 7680K, 0% used [0x00000000d5580000,0x00000000d5580000,0x00000000d5d00000)
  from space 512K, 81% used [0x00000000d5e00000,0x00000000d5e68000,0x00000000d5e80000)
  to   space 512K, 0% used [0x00000000d5d80000,0x00000000d5d80000,0x00000000d5e00000)
 ParOldGen       total 483840K, used 481009K [0x0000000080000000, 0x000000009d880000, 0x00000000d5580000)
  object space 483840K, 99% used [0x0000000080000000,0x000000009d5bc608,0x000000009d880000)
 Metaspace       used 83564K, committed 85376K, reserved 1179648K
  class space    used 8374K, committed 9216K, reserved 1048576K
}
Event: 2402.361 GC heap before
{Heap before GC invocations=1535 (full 5):
 PSYoungGen      total 8192K, used 7279K [0x00000000d5580000, 0x00000000d5e80000, 0x0000000100000000)
  eden space 7680K, 89% used [0x00000000d5580000,0x00000000d5c33db8,0x00000000d5d00000)
  from space 512K, 81% used [0x00000000d5e00000,0x00000000d5e68000,0x00000000d5e80000)
  to   space 512K, 0% used [0x00000000d5d80000,0x00000000d5d80000,0x00000000d5e00000)
 ParOldGen       total 483840K, used 481009K [0x0000000080000000, 0x000000009d880000, 0x00000000d5580000)
  object space 483840K, 99% used [0x0000000080000000,0x000000009d5bc608,0x000000009d880000)
 Metaspace       used 83566K, committed 85376K, reserved 1179648K
  class space    used 8374K, committed 9216K, reserved 1048576K
}
Event: 2402.363 GC heap after
{Heap after GC invocations=1535 (full 5):
 PSYoungGen      total 8192K, used 160K [0x00000000d5580000, 0x00000000d5e80000, 0x0000000100000000)
  eden space 7680K, 0% used [0x00000000d5580000,0x00000000d5580000,0x00000000d5d00000)
  from space 512K, 31% used [0x00000000d5d80000,0x00000000d5da8000,0x00000000d5e00000)
  to   space 512K, 0% used [0x00000000d5e00000,0x00000000d5e00000,0x00000000d5e80000)
 ParOldGen       total 483840K, used 481025K [0x0000000080000000, 0x000000009d880000, 0x00000000d5580000)
  object space 483840K, 99% used [0x0000000080000000,0x000000009d5c0608,0x000000009d880000)
 Metaspace       used 83566K, committed 85376K, reserved 1179648K
  class space    used 8374K, committed 9216K, reserved 1048576K
}
Event: 2402.386 GC heap before
{Heap before GC invocations=1536 (full 5):
 PSYoungGen      total 8192K, used 7840K [0x00000000d5580000, 0x00000000d5e80000, 0x0000000100000000)
  eden space 7680K, 100% used [0x00000000d5580000,0x00000000d5d00000,0x00000000d5d00000)
  from space 512K, 31% used [0x00000000d5d80000,0x00000000d5da8000,0x00000000d5e00000)
  to   space 512K, 0% used [0x00000000d5e00000,0x00000000d5e00000,0x00000000d5e80000)
 ParOldGen       total 483840K, used 481025K [0x0000000080000000, 0x000000009d880000, 0x00000000d5580000)
  object space 483840K, 99% used [0x0000000080000000,0x000000009d5c0608,0x000000009d880000)
 Metaspace       used 83566K, committed 85376K, reserved 1179648K
  class space    used 8374K, committed 9216K, reserved 1048576K
}
Event: 2402.388 GC heap after
{Heap after GC invocations=1536 (full 5):
 PSYoungGen      total 8192K, used 448K [0x00000000d5580000, 0x00000000d5e80000, 0x0000000100000000)
  eden space 7680K, 0% used [0x00000000d5580000,0x00000000d5580000,0x00000000d5d00000)
  from space 512K, 87% used [0x00000000d5e00000,0x00000000d5e70000,0x00000000d5e80000)
  to   space 512K, 0% used [0x00000000d5d80000,0x00000000d5d80000,0x00000000d5e00000)
 ParOldGen       total 483840K, used 481057K [0x0000000080000000, 0x000000009d880000, 0x00000000d5580000)
  object space 483840K, 99% used [0x0000000080000000,0x000000009d5c8608,0x000000009d880000)
 Metaspace       used 83566K, committed 85376K, reserved 1179648K
  class space    used 8374K, committed 9216K, reserved 1048576K
}

