# JRE version: OpenJDK Runtime Environment Temurin-21.0.8+9 (21.0.8+9) (build 21.0.8+9-LTS)
# Java VM: OpenJDK 64-Bit Server VM Temurin-21.0.8+9 (21.0.8+9-LTS, mixed mode, sharing, tiered, compressed oops, compressed class ptrs, parallel gc, windows-amd64)
GC Precious Log:
 CardTable entry size: 512
 CPUs: 8 total, 8 available
 Memory: 7973M
 Large Page Support: Disabled
 NUMA Support: Disabled
 Compressed Oops: Enabled (32-bit)
 Alignments: Space 512K, Generation 512K, Heap 2M
 Heap Min Capacity: 100M
 Heap Initial Capacity: 100M
 Heap Max Capacity: 2G
 Pre-touch: Disabled
 Parallel Workers: 8
Heap:
 PSYoungGen      total 2560K, used 1889K [0x00000000d5580000, 0x00000000d5980000, 0x0000000100000000)
  eden space 2048K, 75% used [0x00000000d5580000,0x00000000d5700690,0x00000000d5780000)
  from space 512K, 68% used [0x00000000d5880000,0x00000000d58d8020,0x00000000d5900000)
  to   space 512K, 0% used [0x00000000d5900000,0x00000000d5900000,0x00000000d5980000)
 ParOldGen       total 785408K, used 785154K [0x0000000080000000, 0x00000000aff00000, 0x00000000d5580000)
  object space 785408K, 99% used [0x0000000080000000,0x00000000afec0ac8,0x00000000aff00000)
 Metaspace       used 97544K, committed 99456K, reserved 1179648K
  class space    used 10096K, committed 11008K, reserved 1048576K
GC Heap History (20 events):
Event: 1448.728 GC heap before
{Heap before GC invocations=2621 (full 5):
 PSYoungGen      total 1536K, used 924K [0x00000000d5580000, 0x00000000d5a00000, 0x0000000100000000)
  eden space 512K, 85% used [0x00000000d5580000,0x00000000d55ed0f8,0x00000000d5600000)
  from space 1024K, 47% used [0x00000000d5600000,0x00000000d567a088,0x00000000d5700000)
  to   space 1024K, 0% used [0x00000000d5900000,0x00000000d5900000,0x00000000d5a00000)
 ParOldGen       total 781312K, used 781197K [0x0000000080000000, 0x00000000afb00000, 0x00000000d5580000)
  object space 781312K, 99% used [0x0000000080000000,0x00000000afae3410,0x00000000afb00000)
 Metaspace       used 97457K, committed 99392K, reserved 1179648K
  class space    used 10086K, committed 11008K, reserved 1048576K
}
Event: 1448.733 GC heap after
{Heap after GC invocations=2621 (full 5):
 PSYoungGen      total 1536K, used 650K [0x00000000d5580000, 0x00000000d5a00000, 0x0000000100000000)
  eden space 512K, 0% used [0x00000000d5580000,0x00000000d5580000,0x00000000d5600000)
  from space 1024K, 63% used [0x00000000d5900000,0x00000000d59a2ad8,0x00000000d5a00000)
  to   space 1024K, 0% used [0x00000000d5600000,0x00000000d5600000,0x00000000d5700000)
 ParOldGen       total 781824K, used 781621K [0x0000000080000000, 0x00000000afb80000, 0x00000000d5580000)
  object space 781824K, 99% used [0x0000000080000000,0x00000000afb4d778,0x00000000afb80000)
 Metaspace       used 97457K, committed 99392K, reserved 1179648K
  class space    used 10086K, committed 11008K, reserved 1048576K
}
Event: 1448.772 GC heap before
{Heap before GC invocations=2622 (full 5):
 PSYoungGen      total 1536K, used 1096K [0x00000000d5580000, 0x00000000d5a00000, 0x0000000100000000)
  eden space 512K, 87% used [0x00000000d5580000,0x00000000d55ef5f8,0x00000000d5600000)
  from space 1024K, 63% used [0x00000000d5900000,0x00000000d59a2ad8,0x00000000d5a00000)
  to   space 1024K, 0% used [0x00000000d5600000,0x00000000d5600000,0x00000000d5700000)
 ParOldGen       total 781824K, used 781621K [0x0000000080000000, 0x00000000afb80000, 0x00000000d5580000)
  object space 781824K, 99% used [0x0000000080000000,0x00000000afb4d778,0x00000000afb80000)
 Metaspace       used 97457K, committed 99392K, reserved 1179648K
  class space    used 10086K, committed 11008K, reserved 1048576K
}
Event: 1448.776 GC heap after
{Heap after GC invocations=2622 (full 5):
 PSYoungGen      total 1536K, used 587K [0x00000000d5580000, 0x00000000d5980000, 0x0000000100000000)
  eden space 512K, 0% used [0x00000000d5580000,0x00000000d5580000,0x00000000d5600000)
  from space 1024K, 57% used [0x00000000d5600000,0x00000000d5692e00,0x00000000d5700000)
  to   space 1024K, 0% used [0x00000000d5880000,0x00000000d5880000,0x00000000d5980000)
 ParOldGen       total 782336K, used 782068K [0x0000000080000000, 0x00000000afc00000, 0x00000000d5580000)
  object space 782336K, 99% used [0x0000000080000000,0x00000000afbbd2c8,0x00000000afc00000)
 Metaspace       used 97457K, committed 99392K, reserved 1179648K
  class space    used 10086K, committed 11008K, reserved 1048576K
}
Event: 1448.819 GC heap before
{Heap before GC invocations=2623 (full 5):
 PSYoungGen      total 1536K, used 1099K [0x00000000d5580000, 0x00000000d5980000, 0x0000000100000000)
  eden space 512K, 100% used [0x00000000d5580000,0x00000000d5600000,0x00000000d5600000)
  from space 1024K, 57% used [0x00000000d5600000,0x00000000d5692e00,0x00000000d5700000)
  to   space 1024K, 0% used [0x00000000d5880000,0x00000000d5880000,0x00000000d5980000)
 ParOldGen       total 782336K, used 782068K [0x0000000080000000, 0x00000000afc00000, 0x00000000d5580000)
  object space 782336K, 99% used [0x0000000080000000,0x00000000afbbd2c8,0x00000000afc00000)
 Metaspace       used 97457K, committed 99392K, reserved 1179648K
  class space    used 10086K, committed 11008K, reserved 1048576K
}
Event: 1448.822 GC heap after
{Heap after GC invocations=2623 (full 5):
 PSYoungGen      total 1536K, used 589K [0x00000000d5580000, 0x00000000d5980000, 0x0000000100000000)
  eden space 512K, 0% used [0x00000000d5580000,0x00000000d5580000,0x00000000d5600000)
  from space 1024K, 57% used [0x00000000d5880000,0x00000000d5913598,0x00000000d5980000)
  to   space 1024K, 0% used [0x00000000d5600000,0x00000000d5600000,0x00000000d5700000)
 ParOldGen       total 782848K, used 782518K [0x0000000080000000, 0x00000000afc80000, 0x00000000d5580000)
  object space 782848K, 99% used [0x0000000080000000,0x00000000afc2d8a8,0x00000000afc80000)
 Metaspace       used 97457K, committed 99392K, reserved 1179648K
  class space    used 10086K, committed 11008K, reserved 1048576K
}
Event: 1448.840 GC heap before
{Heap before GC invocations=2624 (full 5):
 PSYoungGen      total 1536K, used 1101K [0x00000000d5580000, 0x00000000d5980000, 0x0000000100000000)
  eden space 512K, 100% used [0x00000000d5580000,0x00000000d5600000,0x00000000d5600000)
  from space 1024K, 57% used [0x00000000d5880000,0x00000000d5913598,0x00000000d5980000)
  to   space 1024K, 0% used [0x00000000d5600000,0x00000000d5600000,0x00000000d5700000)
 ParOldGen       total 782848K, used 782518K [0x0000000080000000, 0x00000000afc80000, 0x00000000d5580000)
  object space 782848K, 99% used [0x0000000080000000,0x00000000afc2d8a8,0x00000000afc80000)
 Metaspace       used 97457K, committed 99392K, reserved 1179648K
  class space    used 10086K, committed 11008K, reserved 1048576K
}
Event: 1448.846 GC heap after
{Heap after GC invocations=2624 (full 5):
 PSYoungGen      total 1536K, used 593K [0x00000000d5580000, 0x00000000d5900000, 0x0000000100000000)
  eden space 512K, 0% used [0x00000000d5580000,0x00000000d5580000,0x00000000d5600000)
  from space 1024K, 57% used [0x00000000d5600000,0x00000000d56945d0,0x00000000d5700000)
  to   space 1024K, 0% used [0x00000000d5800000,0x00000000d5800000,0x00000000d5900000)
 ParOldGen       total 783360K, used 783031K [0x0000000080000000, 0x00000000afd00000, 0x00000000d5580000)
  object space 783360K, 99% used [0x0000000080000000,0x00000000afcaddc8,0x00000000afd00000)
 Metaspace       used 97457K, committed 99392K, reserved 1179648K
  class space    used 10086K, committed 11008K, reserved 1048576K
}
Event: 1448.896 GC heap before
{Heap before GC invocations=2625 (full 5):
 PSYoungGen      total 1536K, used 1105K [0x00000000d5580000, 0x00000000d5900000, 0x0000000100000000)
  eden space 512K, 100% used [0x00000000d5580000,0x00000000d5600000,0x00000000d5600000)
  from space 1024K, 57% used [0x00000000d5600000,0x00000000d56945d0,0x00000000d5700000)
  to   space 1024K, 0% used [0x00000000d5800000,0x00000000d5800000,0x00000000d5900000)
 ParOldGen       total 783360K, used 783031K [0x0000000080000000, 0x00000000afd00000, 0x00000000d5580000)
  object space 783360K, 99% used [0x0000000080000000,0x00000000afcaddc8,0x00000000afd00000)
 Metaspace       used 97457K, committed 99392K, reserved 1179648K
  class space    used 10086K, committed 11008K, reserved 1048576K
}
Event: 1448.901 GC heap after
{Heap after GC invocations=2625 (full 5):
 PSYoungGen      total 2560K, used 256K [0x00000000d5580000, 0x00000000d5880000, 0x0000000100000000)
  eden space 2048K, 0% used [0x00000000d5580000,0x00000000d5580000,0x00000000d5780000)
  from space 512K, 50% used [0x00000000d5800000,0x00000000d5840000,0x00000000d5880000)
  to   space 512K, 0% used [0x00000000d5780000,0x00000000d5780000,0x00000000d5800000)
 ParOldGen       total 783872K, used 783466K [0x0000000080000000, 0x00000000afd80000, 0x00000000d5580000)
  object space 783872K, 99% used [0x0000000080000000,0x00000000afd1a938,0x00000000afd80000)
 Metaspace       used 97457K, committed 99392K, reserved 1179648K
  class space    used 10086K, committed 11008K, reserved 1048576K
}
Event: 1448.971 GC heap before
{Heap before GC invocations=2626 (full 5):
 PSYoungGen      total 2560K, used 2260K [0x00000000d5580000, 0x00000000d5880000, 0x0000000100000000)
  eden space 2048K, 97% used [0x00000000d5580000,0x00000000d5775258,0x00000000d5780000)
  from space 512K, 50% used [0x00000000d5800000,0x00000000d5840000,0x00000000d5880000)
  to   space 512K, 0% used [0x00000000d5780000,0x00000000d5780000,0x00000000d5800000)
 ParOldGen       total 783872K, used 783466K [0x0000000080000000, 0x00000000afd80000, 0x00000000d5580000)
  object space 783872K, 99% used [0x0000000080000000,0x00000000afd1a938,0x00000000afd80000)
 Metaspace       used 97457K, committed 99392K, reserved 1179648K
  class space    used 10086K, committed 11008K, reserved 1048576K
}
Event: 1448.976 GC heap after
{Heap after GC invocations=2626 (full 5):
 PSYoungGen      total 2560K, used 496K [0x00000000d5580000, 0x00000000d5a80000, 0x0000000100000000)
  eden space 2048K, 0% used [0x00000000d5580000,0x00000000d5580000,0x00000000d5780000)
  from space 512K, 96% used [0x00000000d5780000,0x00000000d57fc030,0x00000000d5800000)
  to   space 1536K, 0% used [0x00000000d5900000,0x00000000d5900000,0x00000000d5a80000)
 ParOldGen       total 784384K, used 783940K [0x0000000080000000, 0x00000000afe00000, 0x00000000d5580000)
  object space 784384K, 99% used [0x0000000080000000,0x00000000afd91348,0x00000000afe00000)
 Metaspace       used 97457K, committed 99392K, reserved 1179648K
  class space    used 10086K, committed 11008K, reserved 1048576K
}
Event: 1449.061 GC heap before
{Heap before GC invocations=2627 (full 5):
 PSYoungGen      total 2560K, used 2544K [0x00000000d5580000, 0x00000000d5a80000, 0x0000000100000000)
  eden space 2048K, 100% used [0x00000000d5580000,0x00000000d5780000,0x00000000d5780000)
  from space 512K, 96% used [0x00000000d5780000,0x00000000d57fc030,0x00000000d5800000)
  to   space 1536K, 0% used [0x00000000d5900000,0x00000000d5900000,0x00000000d5a80000)
 ParOldGen       total 784384K, used 783940K [0x0000000080000000, 0x00000000afe00000, 0x00000000d5580000)
  object space 784384K, 99% used [0x0000000080000000,0x00000000afd91348,0x00000000afe00000)
 Metaspace       used 97462K, committed 99392K, reserved 1179648K
  class space    used 10086K, committed 11008K, reserved 1048576K
}
Event: 1449.067 GC heap after
{Heap after GC invocations=2627 (full 5):
 PSYoungGen      total 3072K, used 768K [0x00000000d5580000, 0x00000000d5a00000, 0x0000000100000000)
  eden space 2048K, 0% used [0x00000000d5580000,0x00000000d5580000,0x00000000d5780000)
  from space 1024K, 75% used [0x00000000d5900000,0x00000000d59c0000,0x00000000d5a00000)
  to   space 1024K, 0% used [0x00000000d5800000,0x00000000d5800000,0x00000000d5900000)
 ParOldGen       total 784384K, used 784369K [0x0000000080000000, 0x00000000afe00000, 0x00000000d5580000)
  object space 784384K, 99% used [0x0000000080000000,0x00000000afdfc6c8,0x00000000afe00000)
 Metaspace       used 97462K, committed 99392K, reserved 1179648K
  class space    used 10086K, committed 11008K, reserved 1048576K
}
Event: 1449.085 GC heap before
{Heap before GC invocations=2628 (full 5):
 PSYoungGen      total 3072K, used 2816K [0x00000000d5580000, 0x00000000d5a00000, 0x0000000100000000)
  eden space 2048K, 100% used [0x00000000d5580000,0x00000000d5780000,0x00000000d5780000)
  from space 1024K, 75% used [0x00000000d5900000,0x00000000d59c0000,0x00000000d5a00000)
  to   space 1024K, 0% used [0x00000000d5800000,0x00000000d5800000,0x00000000d5900000)
 ParOldGen       total 784384K, used 784369K [0x0000000080000000, 0x00000000afe00000, 0x00000000d5580000)
  object space 784384K, 99% used [0x0000000080000000,0x00000000afdfc6c8,0x00000000afe00000)
 Metaspace       used 97462K, committed 99392K, reserved 1179648K
  class space    used 10086K, committed 11008K, reserved 1048576K
}
Event: 1449.088 GC heap after
{Heap after GC invocations=2628 (full 5):
 PSYoungGen      total 3072K, used 224K [0x00000000d5580000, 0x00000000d5980000, 0x0000000100000000)
  eden space 2048K, 0% used [0x00000000d5580000,0x00000000d5580000,0x00000000d5780000)
  from space 1024K, 21% used [0x00000000d5800000,0x00000000d5838000,0x00000000d5900000)
  to   space 512K, 0% used [0x00000000d5900000,0x00000000d5900000,0x00000000d5980000)
 ParOldGen       total 785408K, used 785026K [0x0000000080000000, 0x00000000aff00000, 0x00000000d5580000)
  object space 785408K, 99% used [0x0000000080000000,0x00000000afea0ac8,0x00000000aff00000)
 Metaspace       used 97462K, committed 99392K, reserved 1179648K
  class space    used 10086K, committed 11008K, reserved 1048576K
}
Event: 1449.154 GC heap before
{Heap before GC invocations=2629 (full 5):
 PSYoungGen      total 3072K, used 2272K [0x00000000d5580000, 0x00000000d5980000, 0x0000000100000000)
  eden space 2048K, 100% used [0x00000000d5580000,0x00000000d5780000,0x00000000d5780000)
  from space 1024K, 21% used [0x00000000d5800000,0x00000000d5838000,0x00000000d5900000)
  to   space 512K, 0% used [0x00000000d5900000,0x00000000d5900000,0x00000000d5980000)
 ParOldGen       total 785408K, used 785026K [0x0000000080000000, 0x00000000aff00000, 0x00000000d5580000)
  object space 785408K, 99% used [0x0000000080000000,0x00000000afea0ac8,0x00000000aff00000)
 Metaspace       used 97462K, committed 99392K, reserved 1179648K
  class space    used 10086K, committed 11008K, reserved 1048576K
}
Event: 1449.157 GC heap after
{Heap after GC invocations=2629 (full 5):
 PSYoungGen      total 2560K, used 224K [0x00000000d5580000, 0x00000000d5980000, 0x0000000100000000)
  eden space 2048K, 0% used [0x00000000d5580000,0x00000000d5580000,0x00000000d5780000)
  from space 512K, 43% used [0x00000000d5900000,0x00000000d5938000,0x00000000d5980000)
  to   space 512K, 0% used [0x00000000d5880000,0x00000000d5880000,0x00000000d5900000)
 ParOldGen       total 785408K, used 785098K [0x0000000080000000, 0x00000000aff00000, 0x00000000d5580000)
  object space 785408K, 99% used [0x0000000080000000,0x00000000afeb2ac8,0x00000000aff00000)
 Metaspace       used 97462K, committed 99392K, reserved 1179648K
  class space    used 10086K, committed 11008K, reserved 1048576K
}
Event: 1449.641 GC heap before
{Heap before GC invocations=2630 (full 5):
 PSYoungGen      total 2560K, used 2271K [0x00000000d5580000, 0x00000000d5980000, 0x0000000100000000)
  eden space 2048K, 99% used [0x00000000d5580000,0x00000000d577fe38,0x00000000d5780000)
  from space 512K, 43% used [0x00000000d5900000,0x00000000d5938000,0x00000000d5980000)
  to   space 512K, 0% used [0x00000000d5880000,0x00000000d5880000,0x00000000d5900000)
 ParOldGen       total 785408K, used 785098K [0x0000000080000000, 0x00000000aff00000, 0x00000000d5580000)
  object space 785408K, 99% used [0x0000000080000000,0x00000000afeb2ac8,0x00000000aff00000)
 Metaspace       used 97482K, committed 99392K, reserved 1179648K
  class space    used 10089K, committed 11008K, reserved 1048576K
}
Event: 1449.644 GC heap after
{Heap after GC invocations=2630 (full 5):
 PSYoungGen      total 2560K, used 352K [0x00000000d5580000, 0x00000000d5980000, 0x0000000100000000)
  eden space 2048K, 0% used [0x00000000d5580000,0x00000000d5580000,0x00000000d5780000)
  from space 512K, 68% used [0x00000000d5880000,0x00000000d58d8020,0x00000000d5900000)
  to   space 512K, 0% used [0x00000000d5900000,0x00000000d5900000,0x00000000d5980000)
 ParOldGen       total 785408K, used 785154K [0x0000000080000000, 0x00000000aff00000, 0x00000000d5580000)
  object space 785408K, 99% used [0x0000000080000000,0x00000000afec0ac8,0x00000000aff00000)
 Metaspace       used 97482K, committed 99392K, reserved 1179648K
  class space    used 10089K, committed 11008K, reserved 1048576K
}

