# JRE version: OpenJDK Runtime Environment Temurin-21.0.8+9 (21.0.8+9) (build 21.0.8+9-LTS)
# Java VM: OpenJDK 64-Bit Server VM Temurin-21.0.8+9 (21.0.8+9-LTS, mixed mode, sharing, tiered, compressed oops, compressed class ptrs, parallel gc, windows-amd64)
GC Precious Log:
 CardTable entry size: 512
 CPUs: 8 total, 8 available
 Memory: 7973M
 Large Page Support: Disabled
 NUMA Support: Disabled
 Compressed Oops: Enabled (32-bit)
 Alignments: Space 512K, Generation 512K, Heap 2M
 Heap Min Capacity: 100M
 Heap Initial Capacity: 100M
 Heap Max Capacity: 2G
 Pre-touch: Disabled
 Parallel Workers: 8
Heap:
 PSYoungGen      total 8704K, used 4687K [0x00000000d5580000, 0x00000000d6300000, 0x0000000100000000)
  eden space 7680K, 52% used [0x00000000d5580000,0x00000000d5969810,0x00000000d5d00000)
  from space 1024K, 66% used [0x00000000d6180000,0x00000000d622a400,0x00000000d6280000)
  to   space 512K, 0% used [0x00000000d6280000,0x00000000d6280000,0x00000000d6300000)
 ParOldGen       total 663552K, used 663514K [0x0000000080000000, 0x00000000a8800000, 0x00000000d5580000)
  object space 663552K, 99% used [0x0000000080000000,0x00000000a87f6b80,0x00000000a8800000)
 Metaspace       used 82016K, committed 83584K, reserved 1179648K
  class space    used 8393K, committed 9088K, reserved 1048576K
GC Heap History (20 events):
Event: 330.102 GC heap before
{Heap before GC invocations=720 (full 4):
 PSYoungGen      total 9216K, used 9203K [0x00000000d5580000, 0x00000000d6a80000, 0x0000000100000000)
  eden space 5120K, 100% used [0x00000000d5580000,0x00000000d5a80000,0x00000000d5a80000)
  from space 4096K, 99% used [0x00000000d5a80000,0x00000000d5e7ce48,0x00000000d5e80000)
  to   space 8192K, 0% used [0x00000000d6280000,0x00000000d6280000,0x00000000d6a80000)
 ParOldGen       total 646144K, used 642878K [0x0000000080000000, 0x00000000a7700000, 0x00000000d5580000)
  object space 646144K, 99% used [0x0000000080000000,0x00000000a73cfae8,0x00000000a7700000)
 Metaspace       used 81678K, committed 83264K, reserved 1179648K
  class space    used 8361K, committed 9088K, reserved 1048576K
}
Event: 330.144 GC heap after
{Heap after GC invocations=720 (full 4):
 PSYoungGen      total 8192K, used 2656K [0x00000000d5580000, 0x00000000d6580000, 0x0000000100000000)
  eden space 5120K, 0% used [0x00000000d5580000,0x00000000d5580000,0x00000000d5a80000)
  from space 3072K, 86% used [0x00000000d6280000,0x00000000d6518020,0x00000000d6580000)
  to   space 4608K, 0% used [0x00000000d5c80000,0x00000000d5c80000,0x00000000d6100000)
 ParOldGen       total 648192K, used 646970K [0x0000000080000000, 0x00000000a7900000, 0x00000000d5580000)
  object space 648192K, 99% used [0x0000000080000000,0x00000000a77ce930,0x00000000a7900000)
 Metaspace       used 81678K, committed 83264K, reserved 1179648K
  class space    used 8361K, committed 9088K, reserved 1048576K
}
Event: 330.501 GC heap before
{Heap before GC invocations=721 (full 4):
 PSYoungGen      total 8192K, used 7776K [0x00000000d5580000, 0x00000000d6580000, 0x0000000100000000)
  eden space 5120K, 100% used [0x00000000d5580000,0x00000000d5a80000,0x00000000d5a80000)
  from space 3072K, 86% used [0x00000000d6280000,0x00000000d6518020,0x00000000d6580000)
  to   space 4608K, 0% used [0x00000000d5c80000,0x00000000d5c80000,0x00000000d6100000)
 ParOldGen       total 648192K, used 646970K [0x0000000080000000, 0x00000000a7900000, 0x00000000d5580000)
  object space 648192K, 99% used [0x0000000080000000,0x00000000a77ce930,0x00000000a7900000)
 Metaspace       used 81679K, committed 83264K, reserved 1179648K
  class space    used 8361K, committed 9088K, reserved 1048576K
}
Event: 330.630 GC heap after
{Heap after GC invocations=721 (full 4):
 PSYoungGen      total 7680K, used 2464K [0x00000000d5580000, 0x00000000d6300000, 0x0000000100000000)
  eden space 5120K, 0% used [0x00000000d5580000,0x00000000d5580000,0x00000000d5a80000)
  from space 2560K, 96% used [0x00000000d5c80000,0x00000000d5ee8000,0x00000000d5f00000)
  to   space 3072K, 0% used [0x00000000d6000000,0x00000000d6000000,0x00000000d6300000)
 ParOldGen       total 649728K, used 649458K [0x0000000080000000, 0x00000000a7a80000, 0x00000000d5580000)
  object space 649728K, 99% used [0x0000000080000000,0x00000000a7a3c930,0x00000000a7a80000)
 Metaspace       used 81679K, committed 83264K, reserved 1179648K
  class space    used 8361K, committed 9088K, reserved 1048576K
}
Event: 330.831 GC heap before
{Heap before GC invocations=722 (full 4):
 PSYoungGen      total 7680K, used 7584K [0x00000000d5580000, 0x00000000d6300000, 0x0000000100000000)
  eden space 5120K, 100% used [0x00000000d5580000,0x00000000d5a80000,0x00000000d5a80000)
  from space 2560K, 96% used [0x00000000d5c80000,0x00000000d5ee8000,0x00000000d5f00000)
  to   space 3072K, 0% used [0x00000000d6000000,0x00000000d6000000,0x00000000d6300000)
 ParOldGen       total 649728K, used 649458K [0x0000000080000000, 0x00000000a7a80000, 0x00000000d5580000)
  object space 649728K, 99% used [0x0000000080000000,0x00000000a7a3c930,0x00000000a7a80000)
 Metaspace       used 81679K, committed 83264K, reserved 1179648K
  class space    used 8361K, committed 9088K, reserved 1048576K
}
Event: 330.964 GC heap after
{Heap after GC invocations=722 (full 4):
 PSYoungGen      total 8192K, used 2016K [0x00000000d5580000, 0x00000000d6200000, 0x0000000100000000)
  eden space 6144K, 0% used [0x00000000d5580000,0x00000000d5580000,0x00000000d5b80000)
  from space 2048K, 98% used [0x00000000d6000000,0x00000000d61f8000,0x00000000d6200000)
  to   space 2560K, 0% used [0x00000000d5d00000,0x00000000d5d00000,0x00000000d5f80000)
 ParOldGen       total 652288K, used 651810K [0x0000000080000000, 0x00000000a7d00000, 0x00000000d5580000)
  object space 652288K, 99% used [0x0000000080000000,0x00000000a7c88930,0x00000000a7d00000)
 Metaspace       used 81679K, committed 83264K, reserved 1179648K
  class space    used 8361K, committed 9088K, reserved 1048576K
}
Event: 331.158 GC heap before
{Heap before GC invocations=723 (full 4):
 PSYoungGen      total 8192K, used 8160K [0x00000000d5580000, 0x00000000d6200000, 0x0000000100000000)
  eden space 6144K, 100% used [0x00000000d5580000,0x00000000d5b80000,0x00000000d5b80000)
  from space 2048K, 98% used [0x00000000d6000000,0x00000000d61f8000,0x00000000d6200000)
  to   space 2560K, 0% used [0x00000000d5d00000,0x00000000d5d00000,0x00000000d5f80000)
 ParOldGen       total 652288K, used 651810K [0x0000000080000000, 0x00000000a7d00000, 0x00000000d5580000)
  object space 652288K, 99% used [0x0000000080000000,0x00000000a7c88930,0x00000000a7d00000)
 Metaspace       used 81682K, committed 83264K, reserved 1179648K
  class space    used 8361K, committed 9088K, reserved 1048576K
}
Event: 331.197 GC heap after
{Heap after GC invocations=723 (full 4):
 PSYoungGen      total 10240K, used 2560K [0x00000000d5580000, 0x00000000d6c00000, 0x0000000100000000)
  eden space 7680K, 0% used [0x00000000d5580000,0x00000000d5580000,0x00000000d5d00000)
  from space 2560K, 100% used [0x00000000d5d00000,0x00000000d5f80000,0x00000000d5f80000)
  to   space 7680K, 0% used [0x00000000d6480000,0x00000000d6480000,0x00000000d6c00000)
 ParOldGen       total 656384K, used 656050K [0x0000000080000000, 0x00000000a8100000, 0x00000000d5580000)
  object space 656384K, 99% used [0x0000000080000000,0x00000000a80ac930,0x00000000a8100000)
 Metaspace       used 81682K, committed 83264K, reserved 1179648K
  class space    used 8361K, committed 9088K, reserved 1048576K
}
Event: 337.645 GC heap before
{Heap before GC invocations=724 (full 4):
 PSYoungGen      total 10240K, used 10239K [0x00000000d5580000, 0x00000000d6c00000, 0x0000000100000000)
  eden space 7680K, 99% used [0x00000000d5580000,0x00000000d5cffff8,0x00000000d5d00000)
  from space 2560K, 100% used [0x00000000d5d00000,0x00000000d5f80000,0x00000000d5f80000)
  to   space 7680K, 0% used [0x00000000d6480000,0x00000000d6480000,0x00000000d6c00000)
 ParOldGen       total 656384K, used 656050K [0x0000000080000000, 0x00000000a8100000, 0x00000000d5580000)
  object space 656384K, 99% used [0x0000000080000000,0x00000000a80ac930,0x00000000a8100000)
 Metaspace       used 81682K, committed 83264K, reserved 1179648K
  class space    used 8361K, committed 9088K, reserved 1048576K
}
Event: 337.654 GC heap after
{Heap after GC invocations=724 (full 4):
 PSYoungGen      total 11264K, used 3401K [0x00000000d5580000, 0x00000000d6800000, 0x0000000100000000)
  eden space 7680K, 0% used [0x00000000d5580000,0x00000000d5580000,0x00000000d5d00000)
  from space 3584K, 94% used [0x00000000d6480000,0x00000000d67d2400,0x00000000d6800000)
  to   space 5120K, 0% used [0x00000000d5e00000,0x00000000d5e00000,0x00000000d6300000)
 ParOldGen       total 658432K, used 658210K [0x0000000080000000, 0x00000000a8300000, 0x00000000d5580000)
  object space 658432K, 99% used [0x0000000080000000,0x00000000a82c8930,0x00000000a8300000)
 Metaspace       used 81682K, committed 83264K, reserved 1179648K
  class space    used 8361K, committed 9088K, reserved 1048576K
}
Event: 337.728 GC heap before
{Heap before GC invocations=725 (full 4):
 PSYoungGen      total 11264K, used 11081K [0x00000000d5580000, 0x00000000d6800000, 0x0000000100000000)
  eden space 7680K, 100% used [0x00000000d5580000,0x00000000d5d00000,0x00000000d5d00000)
  from space 3584K, 94% used [0x00000000d6480000,0x00000000d67d2400,0x00000000d6800000)
  to   space 5120K, 0% used [0x00000000d5e00000,0x00000000d5e00000,0x00000000d6300000)
 ParOldGen       total 658432K, used 658210K [0x0000000080000000, 0x00000000a8300000, 0x00000000d5580000)
  object space 658432K, 99% used [0x0000000080000000,0x00000000a82c8930,0x00000000a8300000)
 Metaspace       used 81683K, committed 83264K, reserved 1179648K
  class space    used 8361K, committed 9088K, reserved 1048576K
}
Event: 337.739 GC heap after
{Heap after GC invocations=725 (full 4):
 PSYoungGen      total 12800K, used 608K [0x00000000d5580000, 0x00000000d6500000, 0x0000000100000000)
  eden space 7680K, 0% used [0x00000000d5580000,0x00000000d5580000,0x00000000d5d00000)
  from space 5120K, 11% used [0x00000000d5e00000,0x00000000d5e98000,0x00000000d6300000)
  to   space 2048K, 0% used [0x00000000d6300000,0x00000000d6300000,0x00000000d6500000)
 ParOldGen       total 662016K, used 661521K [0x0000000080000000, 0x00000000a8680000, 0x00000000d5580000)
  object space 662016K, 99% used [0x0000000080000000,0x00000000a8604740,0x00000000a8680000)
 Metaspace       used 81683K, committed 83264K, reserved 1179648K
  class space    used 8361K, committed 9088K, reserved 1048576K
}
Event: 338.568 GC heap before
{Heap before GC invocations=726 (full 4):
 PSYoungGen      total 12800K, used 8288K [0x00000000d5580000, 0x00000000d6500000, 0x0000000100000000)
  eden space 7680K, 100% used [0x00000000d5580000,0x00000000d5d00000,0x00000000d5d00000)
  from space 5120K, 11% used [0x00000000d5e00000,0x00000000d5e98000,0x00000000d6300000)
  to   space 2048K, 0% used [0x00000000d6300000,0x00000000d6300000,0x00000000d6500000)
 ParOldGen       total 662016K, used 661521K [0x0000000080000000, 0x00000000a8680000, 0x00000000d5580000)
  object space 662016K, 99% used [0x0000000080000000,0x00000000a8604740,0x00000000a8680000)
 Metaspace       used 81705K, committed 83328K, reserved 1179648K
  class space    used 8363K, committed 9088K, reserved 1048576K
}
Event: 338.574 GC heap after
{Heap after GC invocations=726 (full 4):
 PSYoungGen      total 8704K, used 905K [0x00000000d5580000, 0x00000000d6400000, 0x0000000100000000)
  eden space 7680K, 0% used [0x00000000d5580000,0x00000000d5580000,0x00000000d5d00000)
  from space 1024K, 88% used [0x00000000d6300000,0x00000000d63e2420,0x00000000d6400000)
  to   space 1024K, 0% used [0x00000000d6200000,0x00000000d6200000,0x00000000d6300000)
 ParOldGen       total 662528K, used 662033K [0x0000000080000000, 0x00000000a8700000, 0x00000000d5580000)
  object space 662528K, 99% used [0x0000000080000000,0x00000000a8684750,0x00000000a8700000)
 Metaspace       used 81705K, committed 83328K, reserved 1179648K
  class space    used 8363K, committed 9088K, reserved 1048576K
}
Event: 338.608 GC heap before
{Heap before GC invocations=727 (full 4):
 PSYoungGen      total 8704K, used 8585K [0x00000000d5580000, 0x00000000d6400000, 0x0000000100000000)
  eden space 7680K, 100% used [0x00000000d5580000,0x00000000d5d00000,0x00000000d5d00000)
  from space 1024K, 88% used [0x00000000d6300000,0x00000000d63e2420,0x00000000d6400000)
  to   space 1024K, 0% used [0x00000000d6200000,0x00000000d6200000,0x00000000d6300000)
 ParOldGen       total 662528K, used 662033K [0x0000000080000000, 0x00000000a8700000, 0x00000000d5580000)
  object space 662528K, 99% used [0x0000000080000000,0x00000000a8684750,0x00000000a8700000)
 Metaspace       used 81706K, committed 83328K, reserved 1179648K
  class space    used 8363K, committed 9088K, reserved 1048576K
}
Event: 338.611 GC heap after
{Heap after GC invocations=727 (full 4):
 PSYoungGen      total 8192K, used 448K [0x00000000d5580000, 0x00000000d6380000, 0x0000000100000000)
  eden space 7680K, 0% used [0x00000000d5580000,0x00000000d5580000,0x00000000d5d00000)
  from space 512K, 87% used [0x00000000d6200000,0x00000000d6270000,0x00000000d6280000)
  to   space 1024K, 0% used [0x00000000d6280000,0x00000000d6280000,0x00000000d6380000)
 ParOldGen       total 663040K, used 662810K [0x0000000080000000, 0x00000000a8780000, 0x00000000d5580000)
  object space 663040K, 99% used [0x0000000080000000,0x00000000a8746b80,0x00000000a8780000)
 Metaspace       used 81706K, committed 83328K, reserved 1179648K
  class space    used 8363K, committed 9088K, reserved 1048576K
}
Event: 351.394 GC heap before
{Heap before GC invocations=728 (full 4):
 PSYoungGen      total 8192K, used 8128K [0x00000000d5580000, 0x00000000d6380000, 0x0000000100000000)
  eden space 7680K, 100% used [0x00000000d5580000,0x00000000d5d00000,0x00000000d5d00000)
  from space 512K, 87% used [0x00000000d6200000,0x00000000d6270000,0x00000000d6280000)
  to   space 1024K, 0% used [0x00000000d6280000,0x00000000d6280000,0x00000000d6380000)
 ParOldGen       total 663040K, used 662810K [0x0000000080000000, 0x00000000a8780000, 0x00000000d5580000)
  object space 663040K, 99% used [0x0000000080000000,0x00000000a8746b80,0x00000000a8780000)
 Metaspace       used 82010K, committed 83584K, reserved 1179648K
  class space    used 8393K, committed 9088K, reserved 1048576K
}
Event: 351.407 GC heap after
{Heap after GC invocations=728 (full 4):
 PSYoungGen      total 8704K, used 576K [0x00000000d5580000, 0x00000000d6380000, 0x0000000100000000)
  eden space 7680K, 0% used [0x00000000d5580000,0x00000000d5580000,0x00000000d5d00000)
  from space 1024K, 56% used [0x00000000d6280000,0x00000000d6310000,0x00000000d6380000)
  to   space 1024K, 0% used [0x00000000d6180000,0x00000000d6180000,0x00000000d6280000)
 ParOldGen       total 663552K, used 663130K [0x0000000080000000, 0x00000000a8800000, 0x00000000d5580000)
  object space 663552K, 99% used [0x0000000080000000,0x00000000a8796b80,0x00000000a8800000)
 Metaspace       used 82010K, committed 83584K, reserved 1179648K
  class space    used 8393K, committed 9088K, reserved 1048576K
}
Event: 351.459 GC heap before
{Heap before GC invocations=729 (full 4):
 PSYoungGen      total 8704K, used 8256K [0x00000000d5580000, 0x00000000d6380000, 0x0000000100000000)
  eden space 7680K, 100% used [0x00000000d5580000,0x00000000d5d00000,0x00000000d5d00000)
  from space 1024K, 56% used [0x00000000d6280000,0x00000000d6310000,0x00000000d6380000)
  to   space 1024K, 0% used [0x00000000d6180000,0x00000000d6180000,0x00000000d6280000)
 ParOldGen       total 663552K, used 663130K [0x0000000080000000, 0x00000000a8800000, 0x00000000d5580000)
  object space 663552K, 99% used [0x0000000080000000,0x00000000a8796b80,0x00000000a8800000)
 Metaspace       used 82012K, committed 83584K, reserved 1179648K
  class space    used 8393K, committed 9088K, reserved 1048576K
}
Event: 351.465 GC heap after
{Heap after GC invocations=729 (full 4):
 PSYoungGen      total 8704K, used 681K [0x00000000d5580000, 0x00000000d6300000, 0x0000000100000000)
  eden space 7680K, 0% used [0x00000000d5580000,0x00000000d5580000,0x00000000d5d00000)
  from space 1024K, 66% used [0x00000000d6180000,0x00000000d622a400,0x00000000d6280000)
  to   space 512K, 0% used [0x00000000d6280000,0x00000000d6280000,0x00000000d6300000)
 ParOldGen       total 663552K, used 663514K [0x0000000080000000, 0x00000000a8800000, 0x00000000d5580000)
  object space 663552K, 99% used [0x0000000080000000,0x00000000a87f6b80,0x00000000a8800000)
 Metaspace       used 82012K, committed 83584K, reserved 1179648K
  class space    used 8393K, committed 9088K, reserved 1048576K
}

